<?xml version="1.0" encoding="UTF-8"?>
<!-- Generated by org.testng.reporters.JUnitXMLReporter -->
<testsuite ignored="0" hostname="DESKTOP-4II7HOP" failures="0" tests="1" name="Test1" time="0.111" errors="0" timestamp="2023-03-31T19:11:41 IST">
  <testcase classname="Parameterization.achieving_parameterization_xml_file" name="@BeforeMethod openapp" time="0.006">
    <failure type="java.lang.NullPointerException" message="Cannot invoke &amp;quot;org.openqa.selenium.WebDriver.manage()&amp;quot; because &amp;quot;this.driver&amp;quot; is null">
      <![CDATA[java.lang.NullPointerException: Cannot invoke "org.openqa.selenium.WebDriver.manage()" because "this.driver" is null
at Parameterization.achieving_parameterization_xml_file.openapp(achieving_parameterization_xml_file.java:27)
at java.base/java.util.ArrayList.forEach(ArrayList.java:1511)
at java.base/java.util.concurrent.FutureTask.run(FutureTask.java:264)
at java.base/java.util.concurrent.ThreadPoolExecutor.runWorker(ThreadPoolExecutor.java:1136)
at java.base/java.util.concurrent.ThreadPoolExecutor$Worker.run(ThreadPoolExecutor.java:635)
at java.base/java.lang.Thread.run(Thread.java:833)
... Removed 22 stack frames]]>
    </failure>
  </testcase> <!-- @BeforeMethod openapp -->
  <testcase classname="Parameterization.achieving_parameterization_xml_file" name="@AfterMethod closeApp" time="-1.680270101681E9">
    <skipped/>
  </testcase> <!-- @AfterMethod closeApp -->
  <testcase classname="Parameterization.achieving_parameterization_xml_file" name="Testscript" time="0.0">
    <skipped/>
  </testcase> <!-- Testscript -->
</testsuite> <!-- Test1 -->
